# JRE version: Java(TM) SE Runtime Environment (8.0_111-b14) (build 1.8.0_111-b14)
# Java VM: Java HotSpot(TM) 64-Bit Server VM (25.111-b14 mixed mode bsd-amd64 compressed oops)
Heap:
 PSYoungGen      total 48640K, used 5927K [0x0000000795580000, 0x000000079a280000, 0x00000007c0000000)
  eden space 37376K, 15% used [0x0000000795580000,0x0000000795b49ef8,0x0000000797a00000)
  from space 11264K, 0% used [0x0000000798b80000,0x0000000798b80000,0x0000000799680000)
  to   space 17920K, 0% used [0x0000000797a00000,0x0000000797a00000,0x0000000798b80000)
 ParOldGen       total 81408K, used 38082K [0x0000000740000000, 0x0000000744f80000, 0x0000000795580000)
  object space 81408K, 46% used [0x0000000740000000,0x0000000742530bd8,0x0000000744f80000)
 Metaspace       used 19356K, capacity 19698K, committed 20096K, reserved 1067008K
  class space    used 2476K, capacity 2588K, committed 2688K, reserved 1048576K
GC Heap History (10 events):
Event: 52037.844 GC heap before
{Heap before GC invocations=187 (full 0):
 PSYoungGen      total 47616K, used 47616K [0x0000000795580000, 0x0000000798e80000, 0x00000007c0000000)
  eden space 47104K, 100% used [0x0000000795580000,0x0000000798380000,0x0000000798380000)
  from space 512K, 100% used [0x0000000798e00000,0x0000000798e80000,0x0000000798e80000)
  to   space 2048K, 0% used [0x0000000798a80000,0x0000000798a80000,0x0000000798c80000)
 ParOldGen       total 87552K, used 46666K [0x0000000740000000, 0x0000000745580000, 0x0000000795580000)
  object space 87552K, 53% used [0x0000000740000000,0x0000000742d92b50,0x0000000745580000)
 Metaspace       used 19257K, capacity 19576K, committed 19840K, reserved 1067008K
  class space    used 2479K, capacity 2593K, committed 2688K, reserved 1048576K
Event: 52037.857 GC heap after
Heap after GC invocations=187 (full 0):
 PSYoungGen      total 48128K, used 2046K [0x0000000795580000, 0x0000000798e80000, 0x00000007c0000000)
  eden space 46080K, 0% used [0x0000000795580000,0x0000000795580000,0x0000000798280000)
  from space 2048K, 99% used [0x0000000798a80000,0x0000000798c7f840,0x0000000798c80000)
  to   space 2048K, 0% used [0x0000000798c80000,0x0000000798c80000,0x0000000798e80000)
 ParOldGen       total 87552K, used 56194K [0x0000000740000000, 0x0000000745580000, 0x0000000795580000)
  object space 87552K, 64% used [0x0000000740000000,0x00000007436e09c0,0x0000000745580000)
 Metaspace       used 19257K, capacity 19576K, committed 19840K, reserved 1067008K
  class space    used 2479K, capacity 2593K, committed 2688K, reserved 1048576K
}
Event: 52056.900 GC heap before
{Heap before GC invocations=188 (full 0):
 PSYoungGen      total 48128K, used 48126K [0x0000000795580000, 0x0000000798e80000, 0x00000007c0000000)
  eden space 46080K, 100% used [0x0000000795580000,0x0000000798280000,0x0000000798280000)
  from space 2048K, 99% used [0x0000000798a80000,0x0000000798c7f840,0x0000000798c80000)
  to   space 2048K, 0% used [0x0000000798c80000,0x0000000798c80000,0x0000000798e80000)
 ParOldGen       total 87552K, used 56194K [0x0000000740000000, 0x0000000745580000, 0x0000000795580000)
  object space 87552K, 64% used [0x0000000740000000,0x00000007436e09c0,0x0000000745580000)
 Metaspace       used 19320K, capacity 19640K, committed 19840K, reserved 1067008K
  class space    used 2479K, capacity 2593K, committed 2688K, reserved 1048576K
Event: 52056.912 GC heap after
Heap after GC invocations=188 (full 0):
 PSYoungGen      total 47104K, used 2016K [0x0000000795580000, 0x0000000799080000, 0x00000007c0000000)
  eden space 45056K, 0% used [0x0000000795580000,0x0000000795580000,0x0000000798180000)
  from space 2048K, 98% used [0x0000000798c80000,0x0000000798e78020,0x0000000798e80000)
  to   space 7680K, 0% used [0x0000000798180000,0x0000000798180000,0x0000000798900000)
 ParOldGen       total 87552K, used 61268K [0x0000000740000000, 0x0000000745580000, 0x0000000795580000)
  object space 87552K, 69% used [0x0000000740000000,0x0000000743bd5170,0x0000000745580000)
 Metaspace       used 19320K, capacity 19640K, committed 19840K, reserved 1067008K
  class space    used 2479K, capacity 2593K, committed 2688K, reserved 1048576K
}
Event: 52064.487 GC heap before
{Heap before GC invocations=189 (full 0):
 PSYoungGen      total 47104K, used 47072K [0x0000000795580000, 0x0000000799080000, 0x00000007c0000000)
  eden space 45056K, 100% used [0x0000000795580000,0x0000000798180000,0x0000000798180000)
  from space 2048K, 98% used [0x0000000798c80000,0x0000000798e78020,0x0000000798e80000)
  to   space 7680K, 0% used [0x0000000798180000,0x0000000798180000,0x0000000798900000)
 ParOldGen       total 87552K, used 61268K [0x0000000740000000, 0x0000000745580000, 0x0000000795580000)
  object space 87552K, 69% used [0x0000000740000000,0x0000000743bd5170,0x0000000745580000)
 Metaspace       used 19334K, capacity 19640K, committed 19840K, reserved 1067008K
  class space    used 2479K, capacity 2593K, committed 2688K, reserved 1048576K
Event: 52064.499 GC heap after
Heap after GC invocations=189 (full 0):
 PSYoungGen      total 51712K, used 7664K [0x0000000795580000, 0x0000000799680000, 0x00000007c0000000)
  eden space 44032K, 0% used [0x0000000795580000,0x0000000795580000,0x0000000798080000)
  from space 7680K, 99% used [0x0000000798180000,0x00000007988fc110,0x0000000798900000)
  to   space 11264K, 0% used [0x0000000798b80000,0x0000000798b80000,0x0000000799680000)
 ParOldGen       total 87552K, used 66193K [0x0000000740000000, 0x0000000745580000, 0x0000000795580000)
  object space 87552K, 75% used [0x0000000740000000,0x00000007440a4418,0x0000000745580000)
 Metaspace       used 19334K, capacity 19640K, committed 19840K, reserved 1067008K
  class space    used 2479K, capacity 2593K, committed 2688K, reserved 1048576K
}
Event: 52075.218 GC heap before
{Heap before GC invocations=190 (full 0):
 PSYoungGen      total 51712K, used 51696K [0x0000000795580000, 0x0000000799680000, 0x00000007c0000000)
  eden space 44032K, 100% used [0x0000000795580000,0x0000000798080000,0x0000000798080000)
  from space 7680K, 99% used [0x0000000798180000,0x00000007988fc110,0x0000000798900000)
  to   space 11264K, 0% used [0x0000000798b80000,0x0000000798b80000,0x0000000799680000)
 ParOldGen       total 87552K, used 66193K [0x0000000740000000, 0x0000000745580000, 0x0000000795580000)
  object space 87552K, 75% used [0x0000000740000000,0x00000007440a4418,0x0000000745580000)
 Metaspace       used 19364K, capacity 19710K, committed 20096K, reserved 1067008K
  class space    used 2479K, capacity 2594K, committed 2688K, reserved 1048576K
Event: 52075.242 GC heap after
Heap after GC invocations=190 (full 0):
 PSYoungGen      total 48640K, used 11246K [0x0000000795580000, 0x000000079a280000, 0x00000007c0000000)
  eden space 37376K, 0% used [0x0000000795580000,0x0000000795580000,0x0000000797a00000)
  from space 11264K, 99% used [0x0000000798b80000,0x000000079967b8c0,0x0000000799680000)
  to   space 17920K, 0% used [0x0000000797a00000,0x0000000797a00000,0x0000000798b80000)
 ParOldGen       total 87552K, used 78812K [0x0000000740000000, 0x0000000745580000, 0x0000000795580000)
  object space 87552K, 90% used [0x0000000740000000,0x0000000744cf7378,0x0000000745580000)
 Metaspace       used 19364K, capacity 19710K, committed 20096K, reserved 1067008K
  class space    used 2479K, capacity 2594K, committed 2688K, reserved 1048576K
}
Event: 52075.244 GC heap before
{Heap before GC invocations=191 (full 1):
 PSYoungGen      total 48640K, used 11246K [0x0000000795580000, 0x000000079a280000, 0x00000007c0000000)
  eden space 37376K, 0% used [0x0000000795580000,0x0000000795580000,0x0000000797a00000)
  from space 11264K, 99% used [0x0000000798b80000,0x000000079967b8c0,0x0000000799680000)
  to   space 17920K, 0% used [0x0000000797a00000,0x0000000797a00000,0x0000000798b80000)
 ParOldGen       total 87552K, used 78812K [0x0000000740000000, 0x0000000745580000, 0x0000000795580000)
  object space 87552K, 90% used [0x0000000740000000,0x0000000744cf7378,0x0000000745580000)
 Metaspace       used 19364K, capacity 19710K, committed 20096K, reserved 1067008K
  class space    used 2479K, capacity 2594K, committed 2688K, reserved 1048576K
Event: 52075.365 GC heap after
Heap after GC invocations=191 (full 1):
 PSYoungGen      total 48640K, used 0K [0x0000000795580000, 0x000000079a280000, 0x00000007c0000000)
  eden space 37376K, 0% used [0x0000000795580000,0x0000000795580000,0x0000000797a00000)
  from space 11264K, 0% used [0x0000000798b80000,0x0000000798b80000,0x0000000799680000)
  to   space 17920K, 0% used [0x0000000797a00000,0x0000000797a00000,0x0000000798b80000)
 ParOldGen       total 81408K, used 38082K [0x0000000740000000, 0x0000000744f80000, 0x0000000795580000)
  object space 81408K, 46% used [0x0000000740000000,0x0000000742530bd8,0x0000000744f80000)
 Metaspace       used 19356K, capacity 19698K, committed 20096K, reserved 1067008K
  class space    used 2476K, capacity 2588K, committed 2688K, reserved 1048576K
}

